gw626
*   1b8764f 9th commit (2nd on test4).
|\  
| *   90cc168 7th commit (3rd on test2).
| |\  
| | * 36fc8c6 4th commit (1st on test3).
* | |   4d53368 8th commit (1st on test4).
|\ \ \  
| |/ /  
| * |   ade0279 5th commit (2nd on test2).
| |\ \  
| | |/  
| | * 41c110e 2nd commit (1st on test1).
* | | 5c3806f 5th commit (1st on test4).
|/ /  
* | c80e6dd 3rd commit (1st on test2).
|/  
* 745a6b1 1st commit (1st on master).
 
mz775
*   53487bb 9th, 2nd on testing4.
|\  
| *   b0ff559 7th, 3rd on testing2.
| |\  
| | * 8791351 4th, 1st on testing3.
* | |   6666ac8 8th, 1st on testing4.
|\ \ \  
| |/ /  
| * |   b70b697 6th, 2nd on testing2.
| |\ \  
| | |/  
| | * 06dcd55 2nd, 1st on testing1.
* | | d71ce20 5th, 1st on testing4.
|/ /  
* | 64af061 3rd, 1st on testing2.
|/  
* eb332cd 1st, 1st on master.

yy1742
*   1de42d6 9th commit (2nd on test4).
|\  
| *   3be4c18 7th commit (3rd on test2).
| |\  
| | * 0c69167 4th commit (1st on test3).
* | |   1965404 8th commit (1st on test4).
|\ \ \  
| |/ /  
| * |   58af555 6th commit (2nd on test2).
| |\ \  
| | |/  
| | * e685a3f 2nd commit (1st on test1).
* | | 596aa2d 5th commit (1st on test4).
|/ /  
* | 5f77ab9 3rd commit (1st on test2).
|/  
* d0a931b 1st commit (1st on master).